0 info it worked if it ends with ok
1 verbose cli [ '/usr/bin/node', '/usr/bin/npm', 'publish' ]
2 info using npm@1.4.28
3 info using node@v0.10.38
4 verbose node symlink /usr/bin/node
5 verbose publish [ '.' ]
6 verbose cache add [ '.', null ]
7 verbose cache add name=undefined spec="." args=[".",null]
8 verbose parsed url { protocol: null,
8 verbose parsed url   slashes: null,
8 verbose parsed url   auth: null,
8 verbose parsed url   host: null,
8 verbose parsed url   port: null,
8 verbose parsed url   hostname: null,
8 verbose parsed url   hash: null,
8 verbose parsed url   search: null,
8 verbose parsed url   query: null,
8 verbose parsed url   pathname: '.',
8 verbose parsed url   path: '.',
8 verbose parsed url   href: '.' }
9 silly lockFile 3a52ce78- .
10 verbose lock . /home/sfrees/.npm/3a52ce78-.lock
11 verbose tar pack [ '/home/sfrees/.npm/fileexpress/0.0.3/package.tgz', '.' ]
12 verbose tarball /home/sfrees/.npm/fileexpress/0.0.3/package.tgz
13 verbose folder .
14 info prepublish fileexpress@0.0.3
15 silly lockFile 1f1177db-tar tar://.
16 verbose lock tar://. /home/sfrees/.npm/1f1177db-tar.lock
17 silly lockFile c0688a5a-pm-fileexpress-0-0-3-package-tgz tar:///home/sfrees/.npm/fileexpress/0.0.3/package.tgz
18 verbose lock tar:///home/sfrees/.npm/fileexpress/0.0.3/package.tgz /home/sfrees/.npm/c0688a5a-pm-fileexpress-0-0-3-package-tgz.lock
19 silly lockFile 1f1177db-tar tar://.
20 silly lockFile 1f1177db-tar tar://.
21 silly lockFile c0688a5a-pm-fileexpress-0-0-3-package-tgz tar:///home/sfrees/.npm/fileexpress/0.0.3/package.tgz
22 silly lockFile c0688a5a-pm-fileexpress-0-0-3-package-tgz tar:///home/sfrees/.npm/fileexpress/0.0.3/package.tgz
23 silly lockFile c849c6d7-es-npm-fileexpress-0-0-3-package /home/sfrees/.npm/fileexpress/0.0.3/package
24 verbose lock /home/sfrees/.npm/fileexpress/0.0.3/package /home/sfrees/.npm/c849c6d7-es-npm-fileexpress-0-0-3-package.lock
25 silly lockFile c849c6d7-es-npm-fileexpress-0-0-3-package /home/sfrees/.npm/fileexpress/0.0.3/package
26 silly lockFile c849c6d7-es-npm-fileexpress-0-0-3-package /home/sfrees/.npm/fileexpress/0.0.3/package
27 silly lockFile 3a52ce78- .
28 silly lockFile 3a52ce78- .
29 silly publish { name: 'fileexpress',
29 silly publish   version: '0.0.3',
29 silly publish   description: 'File upload/serving routes for express 4+ using MongoDB GridFS',
29 silly publish   main: 'index.js',
29 silly publish   scripts: { test: 'mocha --timeout 15000' },
29 silly publish   keywords: [ 'files', 'rest', 'express', 'gridfs' ],
29 silly publish   repository:
29 silly publish    { type: 'git',
29 silly publish      url: 'https://github.com/freezer333/fileexpress' },
29 silly publish   author:
29 silly publish    { name: 'Scott Frees',
29 silly publish      email: 'scott.frees@gmail.com',
29 silly publish      url: 'http://scottfrees.com/' },
29 silly publish   license: 'MIT',
29 silly publish   devDependencies:
29 silly publish    { mocha: '~2.1.0',
29 silly publish      chai: '~1.10.0',
29 silly publish      supertest: '~0.15.0',
29 silly publish      should: '~4.4.2',
29 silly publish      'express-busboy': '~2.1.0' },
29 silly publish   dependencies:
29 silly publish    { express: '~4.10.6',
29 silly publish      'gridfs-stream': '~0.5.3',
29 silly publish      mongodb: '~1.4.26',
29 silly publish      mime: '~1.2.11',
29 silly publish      bson: '^0.3.2' },
29 silly publish   readme: '# fileexpress\nfileexpress is an express (4+) router that acts as a drop-in REST API\nto allow file storage and listings backed by MongoDB\'s GridFS functionality.\nIt supports organizing files by an owner, and has customize-able authorization.\n\n\nFiles can be uploaded via put/post (you need to have a suitable form parser - ie.\n[busboy](https://www.npmjs.org/package/busboy#readme).  **Note** the parser you use must support\nmulti-part form requests (so... [body-parser](https://www.npmjs.com/package/body-parser) doesn\'t work).  Files are retrieved by owner\nor by file id, along with file meta data, and can be removed with delete calls.\n\n## Installation\n\n```sh\nnpm install fileexpress\n```\n\n## Usage\n\nThe module exports a factory method that is used to create an express 4 router.  Simply\nplug this into your app and you are ready to go.  The factory method requires you to pass in\nan instance of the mongo driver, along with the opened database.\n\n```js\nvar fx = require(\'fileexpress\');\n\n... create mongo connection ...\n\nvar app = express();\n... setup express ...\n\nrouter = fx.make_router(mongo, db);\napp.use(\'/\', router);\n\napp.listen(3000);\n\n```\n\n## Examples\n\n```js\nvar app = express();\nvar bb = require(\'express-busboy\');\n\n\nbb.extend(app, {\n  upload: true,\n  path: \'test/files/uploads\'\n});\n\nrouter = fx.make_router(mongo, db);\napp.use(\'/\', router);\n\napp.listen(3000);\n\n```\n',
29 silly publish   readmeFilename: 'readme.md',
29 silly publish   gitHead: '1df5e54419bbadfb0d14421acf7ecc1fbcd5173a',
29 silly publish   bugs: { url: 'https://github.com/freezer333/fileexpress/issues' },
29 silly publish   homepage: 'https://github.com/freezer333/fileexpress',
29 silly publish   _id: 'fileexpress@0.0.3',
29 silly publish   _shasum: '8ee7d49bb8da60a19ef3f49dd4d63203e47daccb',
29 silly publish   _from: '.' }
30 verbose request where is /fileexpress
31 verbose request registry https://registry.npmjs.org/
32 verbose request id e380e18783e55c67
33 verbose url raw /fileexpress
34 verbose url resolving [ 'https://registry.npmjs.org/', './fileexpress' ]
35 verbose url resolved https://registry.npmjs.org/fileexpress
36 verbose request where is https://registry.npmjs.org/fileexpress
37 info trying registry request attempt 1 at 15:03:53
38 http PUT https://registry.npmjs.org/fileexpress
39 http 403 https://registry.npmjs.org/fileexpress
40 verbose headers { 'content-type': 'application/json',
40 verbose headers   'cache-control': 'max-age=60',
40 verbose headers   'content-length': '95',
40 verbose headers   'accept-ranges': 'bytes',
40 verbose headers   date: 'Mon, 01 Jun 2015 19:03:53 GMT',
40 verbose headers   via: '1.1 varnish',
40 verbose headers   connection: 'keep-alive',
40 verbose headers   'x-served-by': 'cache-iad2122-IAD',
40 verbose headers   'x-cache': 'MISS',
40 verbose headers   'x-cache-hits': '0',
40 verbose headers   'x-timer': 'S1433185433.602712,VS0,VE365' }
41 error publish Failed PUT 403
42 error Error: "You cannot publish over the previously published version 0.0.3." : fileexpress
42 error     at RegClient.<anonymous> (/usr/lib/node_modules/npm/node_modules/npm-registry-client/lib/request.js:308:14)
42 error     at Request._callback (/usr/lib/node_modules/npm/node_modules/npm-registry-client/lib/request.js:246:65)
42 error     at Request.self.callback (/usr/lib/node_modules/npm/node_modules/request/request.js:236:22)
42 error     at Request.emit (events.js:98:17)
42 error     at Request.<anonymous> (/usr/lib/node_modules/npm/node_modules/request/request.js:1142:14)
42 error     at Request.emit (events.js:117:20)
42 error     at IncomingMessage.<anonymous> (/usr/lib/node_modules/npm/node_modules/request/request.js:1096:12)
42 error     at IncomingMessage.emit (events.js:117:20)
42 error     at _stream_readable.js:944:16
42 error     at process._tickCallback (node.js:448:13)
43 error If you need help, you may report this *entire* log,
43 error including the npm and node versions, at:
43 error     <http://github.com/npm/npm/issues>
44 error System Linux 3.13.0-37-generic
45 error command "/usr/bin/node" "/usr/bin/npm" "publish"
46 error cwd /home/sfrees/projects/fileexpress
47 error node -v v0.10.38
48 error npm -v 1.4.28
49 verbose exit [ 1, true ]
